goos: darwin
goarch: arm64
pkg: uk.ac.bris.cs/gameoflife
BenchmarkGol/512x512x1000-1-8         	       1	5159973333 ns/op
BenchmarkGol/512x512x1000-1-8         	       1	4725200208 ns/op
BenchmarkGol/512x512x1000-1-8         	       1	5239413709 ns/op
BenchmarkGol/512x512x1000-1-8         	       1	4875271417 ns/op
BenchmarkGol/512x512x1000-1-8         	       1	4547854583 ns/op
BenchmarkGol/512x512x1000-2-8         	       1	4734731875 ns/op
BenchmarkGol/512x512x1000-2-8         	       1	4594522708 ns/op
BenchmarkGol/512x512x1000-2-8         	       1	4721432333 ns/op
BenchmarkGol/512x512x1000-2-8         	       1	4908482000 ns/op
BenchmarkGol/512x512x1000-2-8         	       1	5724134875 ns/op
BenchmarkGol/512x512x1000-3-8         	       1	5084621542 ns/op
BenchmarkGol/512x512x1000-3-8         	       1	5098985167 ns/op
BenchmarkGol/512x512x1000-3-8         	       1	5823491875 ns/op
BenchmarkGol/512x512x1000-3-8         	       1	5377138708 ns/op
BenchmarkGol/512x512x1000-3-8         	       1	5412048167 ns/op
BenchmarkGol/512x512x1000-4-8         	       1	5414263083 ns/op
BenchmarkGol/512x512x1000-4-8         	       1	5535556667 ns/op
BenchmarkGol/512x512x1000-4-8         	       1	6034723458 ns/op
BenchmarkGol/512x512x1000-4-8         	       1	5615922667 ns/op
BenchmarkGol/512x512x1000-4-8         	       1	5640562083 ns/op
BenchmarkGol/512x512x1000-5-8         	       1	5609512375 ns/op
BenchmarkGol/512x512x1000-5-8         	       1	6204768541 ns/op
BenchmarkGol/512x512x1000-5-8         	       1	6061127916 ns/op
BenchmarkGol/512x512x1000-5-8         	       1	5964114792 ns/op
BenchmarkGol/512x512x1000-5-8         	       1	5702586791 ns/op
BenchmarkGol/512x512x1000-6-8         	       1	5575186917 ns/op
BenchmarkGol/512x512x1000-6-8         	       1	5802289375 ns/op
BenchmarkGol/512x512x1000-6-8         	       1	5606168083 ns/op
BenchmarkGol/512x512x1000-6-8         	       1	5678828875 ns/op
BenchmarkGol/512x512x1000-6-8         	       1	5564456125 ns/op
BenchmarkGol/512x512x1000-7-8         	       1	5465521416 ns/op
BenchmarkGol/512x512x1000-7-8         	       1	5572433917 ns/op
BenchmarkGol/512x512x1000-7-8         	       1	5631186542 ns/op
BenchmarkGol/512x512x1000-7-8         	       1	5709541292 ns/op
BenchmarkGol/512x512x1000-7-8         	       1	5570402208 ns/op
BenchmarkGol/512x512x1000-8-8         	       1	5502191292 ns/op
BenchmarkGol/512x512x1000-8-8         	       1	5894775625 ns/op
BenchmarkGol/512x512x1000-8-8         	       1	5571827958 ns/op
BenchmarkGol/512x512x1000-8-8         	       1	5475466916 ns/op
BenchmarkGol/512x512x1000-8-8         	       1	5655648084 ns/op
BenchmarkGol/512x512x1000-9-8         	       1	5707952792 ns/op
BenchmarkGol/512x512x1000-9-8         	       1	5742693541 ns/op
BenchmarkGol/512x512x1000-9-8         	       1	5464294125 ns/op
BenchmarkGol/512x512x1000-9-8         	       1	5484269250 ns/op
BenchmarkGol/512x512x1000-9-8         	       1	5523381334 ns/op
BenchmarkGol/512x512x1000-10-8        	       1	5681718833 ns/op
BenchmarkGol/512x512x1000-10-8        	       1	5437516500 ns/op
BenchmarkGol/512x512x1000-10-8        	       1	5384687625 ns/op
BenchmarkGol/512x512x1000-10-8        	       1	5370866500 ns/op
BenchmarkGol/512x512x1000-10-8        	       1	5306517125 ns/op
BenchmarkGol/512x512x1000-11-8        	       1	5672551250 ns/op
BenchmarkGol/512x512x1000-11-8        	       1	5933874083 ns/op
BenchmarkGol/512x512x1000-11-8        	       1	5873908041 ns/op
BenchmarkGol/512x512x1000-11-8        	       1	5437991417 ns/op
BenchmarkGol/512x512x1000-11-8        	       1	5403417292 ns/op
BenchmarkGol/512x512x1000-12-8        	       1	5495664875 ns/op
BenchmarkGol/512x512x1000-12-8        	       1	5499609542 ns/op
BenchmarkGol/512x512x1000-12-8        	       1	5377109250 ns/op
BenchmarkGol/512x512x1000-12-8        	       1	5365756125 ns/op
BenchmarkGol/512x512x1000-12-8        	       1	5590037000 ns/op
BenchmarkGol/512x512x1000-13-8        	       1	5463731792 ns/op
BenchmarkGol/512x512x1000-13-8        	       1	5437976458 ns/op
BenchmarkGol/512x512x1000-13-8        	       1	5631982166 ns/op
BenchmarkGol/512x512x1000-13-8        	       1	5608042292 ns/op
BenchmarkGol/512x512x1000-13-8        	       1	5606069541 ns/op
BenchmarkGol/512x512x1000-14-8        	       1	5648863500 ns/op
BenchmarkGol/512x512x1000-14-8        	       1	5482104417 ns/op
BenchmarkGol/512x512x1000-14-8        	       1	5546747125 ns/op
BenchmarkGol/512x512x1000-14-8        	       1	5774758583 ns/op
BenchmarkGol/512x512x1000-14-8        	       1	5414154500 ns/op
BenchmarkGol/512x512x1000-15-8        	       1	5365157333 ns/op
BenchmarkGol/512x512x1000-15-8        	       1	5829731250 ns/op
BenchmarkGol/512x512x1000-15-8        	       1	5676230875 ns/op
BenchmarkGol/512x512x1000-15-8        	       1	5507229000 ns/op
BenchmarkGol/512x512x1000-15-8        	       1	5622834583 ns/op
BenchmarkGol/512x512x1000-16-8        	       1	5683256625 ns/op
BenchmarkGol/512x512x1000-16-8        	       1	5615113167 ns/op
BenchmarkGol/512x512x1000-16-8        	       1	5726730375 ns/op
BenchmarkGol/512x512x1000-16-8        	       1	6241501083 ns/op
BenchmarkGol/512x512x1000-16-8        	       1	6270379292 ns/op
ok  	uk.ac.bris.cs/gameoflife	442.352s
